\BOOKMARK [0][-]{chapter*.2}{\376\377\213\376\172\013\142\245\124\112}{}% 1
\BOOKMARK [1][-]{section.0.1}{\376\377\136\070\165\050\117\341\123\367\166\204\122\006\174\173\116\016\211\302\133\337}{chapter*.2}% 2
\BOOKMARK [2][-]{subsection.0.1.1}{\376\377\133\236\232\214\166\356\166\204\377\032}{section.0.1}% 3
\BOOKMARK [2][-]{subsection.0.1.2}{\376\377\133\236\232\214\126\150\147\120\377\032}{section.0.1}% 4
\BOOKMARK [2][-]{subsection.0.1.3}{\376\377\133\236\232\214\123\237\164\006\377\032}{section.0.1}% 5
\BOOKMARK [2][-]{subsection.0.1.4}{\376\377\133\236\232\214\153\145\232\244\377\032}{section.0.1}% 6
\BOOKMARK [2][-]{subsection.0.1.5}{\376\377\133\236\232\214\133\236\232\214\176\323\147\234\123\312\176\323\213\272\377\032}{section.0.1}% 7
\BOOKMARK [2][-]{subsection.0.1.6}{\376\377\133\236\232\214\172\013\136\217\123\312\217\320\210\114\176\323\147\234\377\032}{section.0.1}% 8
\BOOKMARK [1][-]{section.0.2}{\376\377\226\066\215\303\124\315\136\224\124\214\121\262\157\300\124\315\136\224}{chapter*.2}% 9
\BOOKMARK [2][-]{subsection.0.2.1}{\376\377\133\236\232\214\166\356\166\204}{section.0.2}% 10
\BOOKMARK [2][-]{subsection.0.2.2}{\376\377\133\236\232\214\123\237\164\006}{section.0.2}% 11
\BOOKMARK [2][-]{subsection.0.2.3}{\376\377\133\236\232\214\126\150\147\120}{section.0.2}% 12
\BOOKMARK [2][-]{subsection.0.2.4}{\376\377\133\236\232\214\153\145\232\244\116\016\145\160\143\156\213\260\137\125}{section.0.2}% 13
\BOOKMARK [2][-]{subsection.0.2.5}{\376\377\133\236\232\214\176\323\147\234\123\312\176\323\213\272}{section.0.2}% 14
\BOOKMARK [2][-]{subsection.0.2.6}{\376\377\133\236\232\214\172\013\136\217\123\312\217\320\210\114\176\323\147\234}{section.0.2}% 15
\BOOKMARK [1][-]{section.0.3}{\376\377\217\336\176\355\145\366\225\364\174\373\176\337\166\204\152\041\142\337}{chapter*.2}% 16
\BOOKMARK [2][-]{subsection.0.3.1}{\376\377\133\236\232\214\166\356\166\204}{section.0.3}% 17
\BOOKMARK [2][-]{subsection.0.3.2}{\376\377\133\236\232\214\126\150\147\120}{section.0.3}% 18
\BOOKMARK [2][-]{subsection.0.3.3}{\376\377\133\236\232\214\123\237\164\006}{section.0.3}% 19
\BOOKMARK [2][-]{subsection.0.3.4}{\376\377\133\236\232\214\153\145\232\244}{section.0.3}% 20
\BOOKMARK [2][-]{subsection.0.3.5}{\376\377\133\236\232\214\176\323\147\234}{section.0.3}% 21
\BOOKMARK [2][-]{subsection.0.3.6}{\376\377\133\236\232\214\172\013\136\217\123\312\217\320\210\114\176\323\147\234}{section.0.3}% 22
\BOOKMARK [1][-]{section.0.4}{\376\377\133\236\232\214\0004\377\032\156\344\154\342\126\150\162\171\140\047\155\113\221\317}{chapter*.2}% 23
\BOOKMARK [2][-]{subsection.0.4.1}{\376\377\133\236\232\214\166\356\166\204}{section.0.4}% 24
\BOOKMARK [2][-]{subsection.0.4.2}{\376\377\133\236\232\214\126\150\147\120}{section.0.4}% 25
\BOOKMARK [2][-]{subsection.0.4.3}{\376\377\133\236\232\214\123\237\164\006}{section.0.4}% 26
\BOOKMARK [2][-]{subsection.0.4.4}{\376\377\133\236\232\214\153\145\232\244}{section.0.4}% 27
\BOOKMARK [2][-]{subsection.0.4.5}{\376\377\133\236\232\214\176\323\147\234}{section.0.4}% 28
\BOOKMARK [2][-]{subsection.0.4.6}{\376\377\133\236\232\214\172\013\136\217\123\312\217\320\210\114\176\323\147\234}{section.0.4}% 29
\BOOKMARK [1][-]{section.0.5}{\376\377\142\275\150\067\133\232\164\006\116\016\117\341\123\367\140\142\131\015}{chapter*.2}% 30
\BOOKMARK [2][-]{subsection.0.5.1}{\376\377\133\236\232\214\166\356\166\204}{section.0.5}% 31
\BOOKMARK [2][-]{subsection.0.5.2}{\376\377\133\236\232\214\126\150\147\120}{section.0.5}% 32
\BOOKMARK [2][-]{subsection.0.5.3}{\376\377\133\236\232\214\123\237\164\006}{section.0.5}% 33
\BOOKMARK [2][-]{subsection.0.5.4}{\376\377\133\236\232\214\153\145\232\244}{section.0.5}% 34
\BOOKMARK [2][-]{subsection.0.5.5}{\376\377\133\236\232\214\176\323\147\234}{section.0.5}% 35
\BOOKMARK [2][-]{subsection.0.5.6}{\376\377\133\236\232\214\172\013\136\217\123\312\217\320\210\114\176\323\147\234}{section.0.5}% 36
\BOOKMARK [1][-]{section.0.6}{\376\377\117\341\123\367\123\167\171\357\133\236\232\214}{chapter*.2}% 37
\BOOKMARK [2][-]{subsection.0.6.1}{\376\377\133\236\232\214\166\356\166\204}{section.0.6}% 38
\BOOKMARK [2][-]{subsection.0.6.2}{\376\377\133\236\232\214\126\150\147\120}{section.0.6}% 39
\BOOKMARK [2][-]{subsection.0.6.3}{\376\377\133\236\232\214\123\237\164\006}{section.0.6}% 40
\BOOKMARK [2][-]{subsection.0.6.4}{\376\377\133\236\232\214\153\145\232\244}{section.0.6}% 41
\BOOKMARK [2][-]{subsection.0.6.5}{\376\377\133\236\232\214\176\323\147\234}{section.0.6}% 42
\BOOKMARK [2][-]{subsection.0.6.6}{\376\377\133\236\232\214\172\013\136\217\123\312\217\320\210\114\176\323\147\234}{section.0.6}% 43
\BOOKMARK [1][-]{section.0.7}{\376\377\154\342\137\142\166\204\122\006\211\343\116\016\124\010\142\020\133\236\232\214}{chapter*.2}% 44
\BOOKMARK [2][-]{subsection.0.7.1}{\376\377\133\236\232\214\166\356\166\204}{section.0.7}% 45
\BOOKMARK [2][-]{subsection.0.7.2}{\376\377\133\236\232\214\126\150\147\120}{section.0.7}% 46
\BOOKMARK [2][-]{subsection.0.7.3}{\376\377\133\236\232\214\123\237\164\006}{section.0.7}% 47
\BOOKMARK [2][-]{subsection.0.7.4}{\376\377\133\236\232\214\153\145\232\244}{section.0.7}% 48
\BOOKMARK [2][-]{subsection.0.7.5}{\376\377\133\236\232\214\176\323\147\234}{section.0.7}% 49
\BOOKMARK [2][-]{subsection.0.7.6}{\376\377\133\236\232\214\172\013\136\217\123\312\217\320\210\114\176\323\147\234}{section.0.7}% 50
\BOOKMARK [0][-]{chapter*.219}{\376\377\131\047\117\134\116\032\142\245\124\112\000\050\173\054\121\153\153\041\133\236\232\214\000\051}{}% 51
\BOOKMARK [1][-]{section.0.8}{\376\377\126\152\130\360\142\221\122\066\173\227\154\325\213\276\213\241\116\016\133\236\163\260}{chapter*.219}% 52
\BOOKMARK [2][-]{subsection.0.8.1}{\376\377\213\276\213\241\140\035\215\357}{section.0.8}% 53
\BOOKMARK [2][-]{subsection.0.8.2}{\376\377\121\167\117\123\133\236\163\260\217\307\172\013}{section.0.8}% 54
\BOOKMARK [2][-]{subsection.0.8.3}{\376\377\172\013\136\217\116\343\170\001\123\312\217\320\210\114\176\323\147\234}{section.0.8}% 55
\BOOKMARK [1][-]{section.0.9}{\376\377\131\163\130\360\217\154\165\067\130\360\227\363\230\221\131\004\164\006\173\227\154\325\213\276\213\241\116\016\133\236\163\260}{chapter*.219}% 56
\BOOKMARK [2][-]{subsection.0.9.1}{\376\377\213\276\213\241\140\035\215\357}{section.0.9}% 57
\BOOKMARK [2][-]{subsection.0.9.2}{\376\377\121\167\117\123\133\236\163\260\217\307\172\013}{section.0.9}% 58
\BOOKMARK [2][-]{subsection.0.9.3}{\376\377\172\013\136\217\116\343\170\001\123\312\217\320\210\114\176\323\147\234}{section.0.9}% 59
\BOOKMARK [1][-]{section.0.10}{\376\377\227\363\230\221\123\330\220\037\173\227\154\325\213\276\213\241\116\016\133\236\163\260}{chapter*.219}% 60
\BOOKMARK [2][-]{subsection.0.10.1}{\376\377\213\276\213\241\140\035\215\357}{section.0.10}% 61
\BOOKMARK [2][-]{subsection.0.10.2}{\376\377\121\167\117\123\133\236\163\260\217\307\172\013}{section.0.10}% 62
\BOOKMARK [2][-]{subsection.0.10.3}{\376\377\172\013\136\217\116\343\170\001\124\214\217\320\210\114\176\323\147\234}{section.0.10}% 63
\BOOKMARK [1][-]{section.0.11}{\376\377\127\372\116\216\200\375\221\317\226\010\120\074\166\204\213\355\227\363\153\265\201\352\122\250\122\006\122\162\116\016\123\315\217\154\142\374\143\245\173\227\154\325\133\236\163\260}{chapter*.219}% 64
\BOOKMARK [2][-]{subsection.0.11.1}{\376\377\213\276\213\241\140\035\215\357}{section.0.11}% 65
\BOOKMARK [2][-]{subsection.0.11.2}{\376\377\121\167\117\123\133\236\163\260\217\307\172\013}{section.0.11}% 66
\BOOKMARK [2][-]{subsection.0.11.3}{\376\377\172\013\136\217\116\343\170\001\123\312\217\320\210\114\176\323\147\234}{section.0.11}% 67
