\BOOKMARK [1][-]{section.1}{\376\377\126\152\130\360\142\221\122\066\173\227\154\325\213\276\213\241\116\016\133\236\163\260}{}% 1
\BOOKMARK [2][-]{subsection.1.1}{\376\377\213\276\213\241\140\035\215\357}{section.1}% 2
\BOOKMARK [3][-]{subsubsection.1.1.1}{\376\377\200\314\146\157\167\345\213\306}{subsection.1.1}% 3
\BOOKMARK [3][-]{subsubsection.1.1.2}{\376\377\142\200\147\057\123\237\164\006}{subsection.1.1}% 4
\BOOKMARK [2][-]{subsection.1.2}{\376\377\121\167\117\123\133\236\163\260\217\307\172\013}{section.1}% 5
\BOOKMARK [3][-]{subsubsection.1.2.1}{\376\377\153\145\232\244\0001\377\032\217\223\121\145\150\041\232\214\116\016\230\204\131\004\164\006}{subsection.1.2}% 6
\BOOKMARK [3][-]{subsubsection.1.2.2}{\376\377\153\145\232\244\0002\377\032\122\006\136\047\123\302\145\160\213\241\173\227}{subsection.1.2}% 7
\BOOKMARK [3][-]{subsubsection.1.2.3}{\376\377\153\145\232\244\0003\377\032\117\341\123\367\122\006\136\047}{subsection.1.2}% 8
\BOOKMARK [3][-]{subsubsection.1.2.4}{\376\377\153\145\232\244\0004\377\032\122\240\172\227\131\004\164\006}{subsection.1.2}% 9
\BOOKMARK [3][-]{subsubsection.1.2.5}{\376\377\153\145\232\244\0005\377\032\230\221\127\337\226\115\126\152\131\004\164\006}{subsection.1.2}% 10
\BOOKMARK [3][-]{subsubsection.1.2.6}{\376\377\153\145\232\244\0006\377\032\172\227\210\145\120\177\116\016\117\341\123\367\221\315\147\204}{subsection.1.2}% 11
\BOOKMARK [3][-]{subsubsection.1.2.7}{\376\377\153\145\232\244\0007\377\032\156\344\154\342\126\150\162\171\140\047\123\357\211\306\123\026}{subsection.1.2}% 12
\BOOKMARK [3][-]{subsubsection.1.2.8}{\376\377\173\227\154\325\150\070\137\303\162\171\140\047}{subsection.1.2}% 13
\BOOKMARK [2][-]{subsection.1.3}{\376\377\172\013\136\217\116\343\170\001\123\312\217\320\210\114\176\323\147\234}{section.1}% 14
\BOOKMARK [3][-]{subsubsection.1.3.1}{\376\377\172\013\136\217\116\343\170\001}{subsection.1.3}% 15
\BOOKMARK [3][-]{subsubsection.1.3.2}{\376\377\217\320\210\114\176\323\147\234}{subsection.1.3}% 16
\BOOKMARK [1][-]{section.2}{\376\377\131\163\130\360\217\154\165\067\130\360\227\363\230\221\131\004\164\006\173\227\154\325\213\276\213\241\116\016\133\236\163\260}{}% 17
\BOOKMARK [2][-]{subsection.2.1}{\376\377\213\276\213\241\140\035\215\357}{section.2}% 18
\BOOKMARK [3][-]{subsubsection.2.1.1}{\376\377\200\314\146\157\167\345\213\306}{subsection.2.1}% 19
\BOOKMARK [3][-]{subsubsection.2.1.2}{\376\377\142\200\147\057\123\237\164\006}{subsection.2.1}% 20
\BOOKMARK [2][-]{subsection.2.2}{\376\377\121\167\117\123\133\236\163\260\217\307\172\013}{section.2}% 21
\BOOKMARK [3][-]{subsubsection.2.2.1}{\376\377\153\145\232\244\0001\377\032\163\257\130\203\122\035\131\313\123\026\116\016\227\363\230\221\213\373\123\326}{subsection.2.2}% 22
\BOOKMARK [3][-]{subsubsection.2.2.2}{\376\377\153\145\232\244\0002\377\032\150\070\137\303\214\003\145\164\123\302\145\160\213\276\177\156}{subsection.2.2}% 23
\BOOKMARK [3][-]{subsubsection.2.2.3}{\376\377\153\145\232\244\0003\377\032\127\372\230\221\214\003\145\164\377\010\150\070\137\303\123\330\130\360\377\011}{subsection.2.2}% 24
\BOOKMARK [3][-]{subsubsection.2.2.4}{\376\377\153\145\232\244\0004\377\032\156\051\124\214\232\330\230\221\130\236\137\072\377\010\117\356\131\015\130\360\227\363\155\210\131\061\377\011}{subsection.2.2}% 25
\BOOKMARK [3][-]{subsubsection.2.2.5}{\376\377\153\145\232\244\0005\377\032\227\363\221\317\137\122\116\000\123\026\116\016\137\002\136\070\131\004\164\006}{subsection.2.2}% 26
\BOOKMARK [3][-]{subsubsection.2.2.6}{\376\377\153\145\232\244\0006\377\032\230\221\214\061\133\371\153\324\176\330\122\066\377\010\232\214\213\301\117\341\123\367\377\011}{subsection.2.2}% 27
\BOOKMARK [3][-]{subsubsection.2.2.7}{\376\377\153\145\232\244\0007\377\032\227\363\230\221\117\335\133\130\116\016\144\255\145\076}{subsection.2.2}% 28
\BOOKMARK [3][-]{subsubsection.2.2.8}{\376\377\133\120\121\375\145\160\377\032\000p\000l\000o\000t\000S\000p\000e\000c\000t\000r\000u\000m\377\010\176\330\122\066\123\125\117\247\217\271\230\221\214\061\377\011}{subsection.2.2}% 29
\BOOKMARK [3][-]{subsubsection.2.2.9}{\376\377\173\227\154\325\150\070\137\303\162\171\140\047}{subsection.2.2}% 30
\BOOKMARK [2][-]{subsection.2.3}{\376\377\172\013\136\217\116\343\170\001\123\312\217\320\210\114\176\323\147\234}{section.2}% 31
\BOOKMARK [3][-]{subsubsection.2.3.1}{\376\377\172\013\136\217\116\343\170\001}{subsection.2.3}% 32
\BOOKMARK [3][-]{subsubsection.2.3.2}{\376\377\217\320\210\114\176\323\147\234}{subsection.2.3}% 33
\BOOKMARK [1][-]{section.3}{\376\377\227\363\230\221\123\330\220\037\173\227\154\325\213\276\213\241\116\016\133\236\163\260\377\010\127\372\116\216\122\006\136\047\221\315\123\340\166\370\122\240\154\325\377\011}{}% 34
\BOOKMARK [2][-]{subsection.3.1}{\376\377\213\276\213\241\140\035\215\357}{section.3}% 35
\BOOKMARK [3][-]{subsubsection.3.1.1}{\376\377\200\314\146\157\167\345\213\306}{subsection.3.1}% 36
\BOOKMARK [3][-]{subsubsection.3.1.2}{\376\377\200\314\146\157\167\345\213\306}{subsection.3.1}% 37
\BOOKMARK [3][-]{subsubsection.3.1.3}{\376\377\142\200\147\057\123\237\164\006}{subsection.3.1}% 38
\BOOKMARK [2][-]{subsection.3.2}{\376\377\121\167\117\123\133\236\163\260\217\307\172\013}{section.3}% 39
\BOOKMARK [3][-]{subsubsection.3.2.1}{\376\377\153\145\232\244\0001\377\032\127\372\147\054\123\302\145\160\213\241\173\227\116\016\122\035\131\313\123\026}{subsection.3.2}% 40
\BOOKMARK [3][-]{subsubsection.3.2.2}{\376\377\153\145\232\244\0002\377\032\217\223\121\145\117\341\123\367\122\006\136\047}{subsection.3.2}% 41
\BOOKMARK [3][-]{subsubsection.3.2.3}{\376\377\153\145\232\244\0003\377\032\136\047\122\240\172\227\131\004\164\006}{subsection.3.2}% 42
\BOOKMARK [3][-]{subsubsection.3.2.4}{\376\377\153\145\232\244\0004\377\032\221\315\123\340\166\370\122\240\221\315\147\204\217\223\121\372\117\341\123\367}{subsection.3.2}% 43
\BOOKMARK [3][-]{subsubsection.3.2.5}{\376\377\153\145\232\244\0005\377\032\221\307\150\067\163\207\215\113\120\074}{subsection.3.2}% 44
\BOOKMARK [3][-]{subsubsection.3.2.6}{\376\377\173\227\154\325\150\070\137\303\162\171\140\047}{subsection.3.2}% 45
\BOOKMARK [2][-]{subsection.3.3}{\376\377\172\013\136\217\116\343\170\001\124\214\217\320\210\114\176\323\147\234}{section.3}% 46
\BOOKMARK [3][-]{subsubsection.3.3.1}{\376\377\172\013\136\217\116\343\170\001}{subsection.3.3}% 47
\BOOKMARK [3][-]{subsubsection.3.3.2}{\376\377\116\343\170\001\217\320\210\114\176\323\147\234}{subsection.3.3}% 48
\BOOKMARK [1][-]{section.4}{\376\377\127\372\116\216\200\375\221\317\226\010\120\074\166\204\213\355\227\363\153\265\201\352\122\250\122\006\122\162\116\016\123\315\217\154\142\374\143\245\173\227\154\325\133\236\163\260}{}% 49
\BOOKMARK [2][-]{subsection.4.1}{\376\377\213\276\213\241\140\035\215\357}{section.4}% 50
\BOOKMARK [3][-]{subsubsection.4.1.1}{\376\377\200\314\146\157\167\345\213\306}{subsection.4.1}% 51
\BOOKMARK [3][-]{subsubsection.4.1.2}{\376\377\200\314\146\157\167\345\213\306}{subsection.4.1}% 52
\BOOKMARK [3][-]{subsubsection.4.1.3}{\376\377\142\200\147\057\123\237\164\006}{subsection.4.1}% 53
\BOOKMARK [2][-]{subsection.4.2}{\376\377\121\167\117\123\133\236\163\260\217\307\172\013}{section.4}% 54
\BOOKMARK [3][-]{subsubsection.4.2.1}{\376\377\153\145\232\244\0001\377\032\163\257\130\203\122\035\131\313\123\026\116\016\123\302\145\160\221\115\177\156}{subsection.4.2}% 55
\BOOKMARK [3][-]{subsubsection.4.2.2}{\376\377\153\145\232\244\0002\377\032\227\363\230\221\213\373\123\326\116\016\230\204\131\004\164\006}{subsection.4.2}% 56
\BOOKMARK [3][-]{subsubsection.4.2.3}{\376\377\153\145\232\244\0003\377\032\167\355\145\366\200\375\221\317\213\241\173\227}{subsection.4.2}% 57
\BOOKMARK [3][-]{subsubsection.4.2.4}{\376\377\153\145\232\244\0004\377\032\213\355\227\363\153\265\201\352\122\250\122\006\122\162}{subsection.4.2}% 58
\BOOKMARK [3][-]{subsubsection.4.2.5}{\376\377\153\145\232\244\0005\377\032\213\355\227\363\153\265\215\167\131\313\122\115\171\373\117\356\153\143}{subsection.4.2}% 59
\BOOKMARK [3][-]{subsubsection.4.2.6}{\376\377\153\145\232\244\0006\377\032\143\320\123\326\227\363\230\221\225\364\226\224\377\010\227\131\227\363\123\072\377\011}{subsection.4.2}% 60
\BOOKMARK [3][-]{subsubsection.4.2.7}{\376\377\153\145\232\244\0007\377\032\123\315\217\154\142\374\143\245\227\363\230\221}{subsection.4.2}% 61
\BOOKMARK [3][-]{subsubsection.4.2.8}{\376\377\153\145\232\244\0008\377\032\227\363\230\221\117\335\133\130\116\016\123\357\211\306\123\026}{subsection.4.2}% 62
\BOOKMARK [3][-]{subsubsection.4.2.9}{\376\377\173\227\154\325\150\070\137\303\162\171\140\047}{subsection.4.2}% 63
\BOOKMARK [2][-]{subsection.4.3}{\376\377\172\013\136\217\116\343\170\001\123\312\217\320\210\114\176\323\147\234}{section.4}% 64
\BOOKMARK [3][-]{subsubsection.4.3.1}{\376\377\000\040\172\013\136\217\116\343\170\001}{subsection.4.3}% 65
\BOOKMARK [3][-]{subsubsection.4.3.2}{\376\377\217\320\210\114\176\323\147\234}{subsection.4.3}% 66
