\BOOKMARK [1][-]{section.1}{\376\377\217\336\176\355\145\366\225\364\174\373\176\337\166\204\152\041\142\337}{}% 1
\BOOKMARK [2][-]{subsection.1.1}{\376\377\133\236\232\214\166\356\166\204}{section.1}% 2
\BOOKMARK [2][-]{subsection.1.2}{\376\377\133\236\232\214\126\150\147\120}{section.1}% 3
\BOOKMARK [2][-]{subsection.1.3}{\376\377\133\236\232\214\123\237\164\006}{section.1}% 4
\BOOKMARK [3][-]{subsubsection.1.3.1}{\376\377\0001\060\001\176\277\140\047\174\373\176\337\166\204\152\041\142\337}{subsection.1.3}% 5
\BOOKMARK [3][-]{subsubsection.1.3.2}{\376\377\0002\060\001\116\011\171\315\127\372\147\054\217\320\173\227\165\065\215\357}{subsection.1.3}% 6
\BOOKMARK [3][-]{subsubsection.1.3.3}{\376\377\0003\060\001\116\000\226\066\174\373\176\337\166\204\152\041\142\337}{subsection.1.3}% 7
\BOOKMARK [2][-]{subsection.1.4}{\376\377\133\236\232\214\153\145\232\244}{section.1}% 8
\BOOKMARK [3][-]{subsubsection.1.4.1}{\376\377\116\373\122\241\116\000\000\040\127\372\147\054\217\320\173\227\126\150\040\024\040\024\122\240\154\325\126\150\166\204\211\302\155\113}{subsection.1.4}% 9
\BOOKMARK [3][-]{subsubsection.1.4.2}{\376\377\116\373\122\241\116\214\000\040\127\372\147\054\217\320\173\227\126\150\040\024\040\024\153\324\117\213\145\076\131\047\126\150\166\204\211\302\155\113}{subsection.1.4}% 10
\BOOKMARK [3][-]{subsubsection.1.4.3}{\376\377\116\373\122\241\116\011\000\040\127\372\147\054\217\320\173\227\126\150\040\024\040\024\171\357\122\006\126\150\166\204\211\302\155\113}{subsection.1.4}% 11
\BOOKMARK [3][-]{subsubsection.1.4.4}{\376\377\116\373\122\241\126\333\000\040\116\000\226\066\000R\000C\165\065\215\357\166\204\152\041\142\337}{subsection.1.4}% 12
\BOOKMARK [2][-]{subsection.1.5}{\376\377\133\236\232\214\176\323\147\234}{section.1}% 13
\BOOKMARK [3][-]{subsubsection.1.5.1}{\376\377\116\373\122\241\116\000\377\032\127\372\147\054\217\320\173\227\126\150\040\024\040\024\122\240\154\325\126\150\166\204\211\302\155\113}{subsection.1.5}% 14
\BOOKMARK [3][-]{subsubsection.1.5.2}{\376\377\116\373\122\241\116\214\377\032\127\372\147\054\217\320\173\227\126\150\040\024\040\024\153\324\117\213\145\076\131\047\126\150\166\204\211\302\155\113}{subsection.1.5}% 15
\BOOKMARK [3][-]{subsubsection.1.5.3}{\376\377\116\373\122\241\116\011\377\032\127\372\147\054\217\320\173\227\126\150\040\024\040\024\171\357\122\006\126\150\166\204\211\302\155\113}{subsection.1.5}% 16
\BOOKMARK [3][-]{subsubsection.1.5.4}{\376\377\116\373\122\241\126\333\377\032\116\000\226\066\000R\000C\165\065\215\357\166\204\152\041\142\337}{subsection.1.5}% 17
\BOOKMARK [2][-]{subsection.1.6}{\376\377\133\236\232\214\172\013\136\217\123\312\217\320\210\114\176\323\147\234}{section.1}% 18
\BOOKMARK [3][-]{subsubsection.1.6.1}{\376\377\225\356\230\230\116\000\217\320\210\114\176\323\147\234}{subsection.1.6}% 19
\BOOKMARK [3][-]{subsubsection.1.6.2}{\376\377\225\356\230\230\116\214\217\320\210\114\176\323\147\234}{subsection.1.6}% 20
\BOOKMARK [3][-]{subsubsection.1.6.3}{\376\377\225\356\230\230\116\011\217\320\210\114\176\323\147\234}{subsection.1.6}% 21
