This is XeTeX, Version 3.141592653-2.6-0.999997 (TeX Live 2025) (preloaded format=xelatex 2025.8.25)  18 DEC 2025 15:18
entering extended mode
 \write18 enabled.
 file:line:error style messages enabled.
 %&-line parsing enabled.
**class6.tex
(./class6.tex
LaTeX2e <2025-06-01> patch level 1
L3 programming layer <2025-08-13>

! LaTeX Error: File `subfile.cls' not found.

Type X to quit or <RETURN> to proceed,
or enter new name. (Default extension: cls)

Enter file name: 
./class6.tex:4: Emergency stop.
<read *> 
         
l.4 ^^M
       
*** (cannot \read from terminal in nonstop modes)

 
Here is how much of TeX's memory you used:
 18 strings out of 468441
 330 string characters out of 5445543
 419950 words of memory out of 5000000
 28575 multiletter control sequences out of 15000+600000
 626825 words of font info for 40 fonts, out of 8000000 for 9000
 1348 hyphenation exceptions out of 8191
 19i,0n,29p,70b,17s stack positions out of 10000i,1000n,20000p,200000b,200000s
No pages of output.
