\BOOKMARK [1][-]{section.1}{\376\377\133\236\232\214\0004\377\032\156\344\154\342\126\150\162\171\140\047\155\113\221\317}{}% 1
\BOOKMARK [2][-]{subsection.1.1}{\376\377\133\236\232\214\166\356\166\204}{section.1}% 2
\BOOKMARK [2][-]{subsection.1.2}{\376\377\133\236\232\214\126\150\147\120}{section.1}% 3
\BOOKMARK [2][-]{subsection.1.3}{\376\377\133\236\232\214\123\237\164\006}{section.1}% 4
\BOOKMARK [3][-]{subsubsection.1.3.1}{\376\377\122\035\153\145\133\232\116\111}{subsection.1.3}% 5
\BOOKMARK [3][-]{subsubsection.1.3.2}{\376\377\156\344\154\342\165\065\215\357\166\204\122\006\174\173}{subsection.1.3}% 6
\BOOKMARK [3][-]{subsubsection.1.3.3}{\376\377\156\344\154\342\126\150\162\171\140\047\155\113\221\317\145\271\154\325}{subsection.1.3}% 7
\BOOKMARK [3][-]{subsubsection.1.3.4}{\376\377\152\041\127\127\123\302\145\160\116\016\142\153\230\221\213\276\177\156}{subsection.1.3}% 8
\BOOKMARK [2][-]{subsection.1.4}{\376\377\133\236\232\214\153\145\232\244}{section.1}% 9
\BOOKMARK [3][-]{subsubsection.1.4.1}{\376\377\116\373\122\241\116\000\377\032\155\113\221\317\117\116\220\032\156\344\154\342\126\150\166\204\230\221\124\315\162\171\140\047}{subsection.1.4}% 10
\BOOKMARK [3][-]{subsubsection.1.4.2}{\376\377\116\373\122\241\116\214\377\032\155\113\221\317\232\330\220\032\156\344\154\342\126\150\166\204\230\221\124\315\162\171\140\047}{subsection.1.4}% 11
\BOOKMARK [3][-]{subsubsection.1.4.3}{\376\377\116\373\122\241\116\011\377\032\155\113\221\317\136\046\220\032\156\344\154\342\126\150\166\204\230\221\124\315\162\171\140\047}{subsection.1.4}% 12
\BOOKMARK [3][-]{subsubsection.1.4.4}{\376\377\116\373\122\241\126\333\377\032\155\113\221\317\136\046\226\073\156\344\154\342\126\150\166\204\230\221\124\315\162\171\140\047}{subsection.1.4}% 13
\BOOKMARK [2][-]{subsection.1.5}{\376\377\133\236\232\214\176\323\147\234}{section.1}% 14
\BOOKMARK [3][-]{subsubsection.1.5.1}{\376\377\116\373\122\241\116\000\377\032\117\116\220\032\156\344\154\342\126\150\230\221\124\315\162\171\140\047\155\113\221\317\176\323\147\234}{subsection.1.5}% 15
\BOOKMARK [3][-]{subsubsection.1.5.2}{\376\377\116\373\122\241\116\214\377\032\232\330\220\032\156\344\154\342\126\150\230\221\124\315\162\171\140\047\155\113\221\317\176\323\147\234}{subsection.1.5}% 16
\BOOKMARK [3][-]{subsubsection.1.5.3}{\376\377\116\373\122\241\116\011\377\032\136\046\220\032\156\344\154\342\126\150\230\221\124\315\162\171\140\047\155\113\221\317\176\323\147\234}{subsection.1.5}% 17
\BOOKMARK [3][-]{subsubsection.1.5.4}{\376\377\116\373\122\241\126\333\377\032\136\046\226\073\156\344\154\342\126\150\230\221\124\315\162\171\140\047\155\113\221\317\176\323\147\234}{subsection.1.5}% 18
\BOOKMARK [3][-]{subsubsection.1.5.5}{\376\377\124\004\116\052\116\373\122\241\166\204\142\153\230\221\154\325\155\113\221\317\176\323\147\234}{subsection.1.5}% 19
\BOOKMARK [2][-]{subsection.1.6}{\376\377\133\236\232\214\172\013\136\217\123\312\217\320\210\114\176\323\147\234}{section.1}% 20
\BOOKMARK [3][-]{subsubsection.1.6.1}{\376\377\225\356\230\230\116\000\172\013\136\217\123\312\217\320\210\114\176\323\147\234}{subsection.1.6}% 21
\BOOKMARK [3][-]{subsubsection.1.6.2}{\376\377\225\356\230\230\116\214\172\013\136\217\123\312\217\320\210\114\176\323\147\234}{subsection.1.6}% 22
\BOOKMARK [3][-]{subsubsection.1.6.3}{\376\377\116\373\122\241\116\011\172\013\136\217\123\312\217\320\210\114\176\323\147\234}{subsection.1.6}% 23
\BOOKMARK [3][-]{subsubsection.1.6.4}{\376\377\116\373\122\241\126\333\172\013\136\217\123\312\217\320\210\114\176\323\147\234}{subsection.1.6}% 24
\BOOKMARK [3][-]{subsubsection.1.6.5}{\376\377\133\236\232\214\116\224\172\013\136\217\123\312\217\320\210\114\176\323\147\234}{subsection.1.6}% 25
\BOOKMARK [3][-]{subsubsection.1.6.6}{\376\377\133\236\232\214\121\155\172\013\136\217\123\312\217\320\210\114\176\323\147\234}{subsection.1.6}% 26
